<?xml version="1.0" encoding="UTF-8"?>
<!-- Generated by org.testng.reporters.JUnitXMLReporter -->
<testsuite ignored="2" hostname="LAPTOP-8MQ16BIB" failures="0" tests="6" name="BankingApp Test" time="33.14" errors="0" timestamp="2020-01-18T13:50:20 IST">
  <testcase classname="com.inetBanking.testCases.TC01_LoginTest_001" name="Logintest" time="2.815"/>
  <testcase classname="com.inetBanking.testCases.TC02_LoginDDT_002" name="loginDDT" time="3.903"/>
  <testcase classname="com.inetBanking.testCases.TC02_LoginDDT_002" name="loginDDT" time="2.599"/>
  <testcase classname="com.inetBanking.testCases.TC02_LoginDDT_002" name="loginDDT" time="3.853"/>
  <testcase classname="com.inetBanking.testCases.TC02_LoginDDT_002" name="loginDDT" time="2.072"/>
  <testcase classname="com.inetBanking.testCases.TC02_LoginDDT_002" name="loginDDT" time="2.178"/>
  <testcase classname="com.inetBanking.testCases.BaseClass" name="@BeforeTest SetUp" time="0.0">
    <ignored/>
  </testcase> <!-- @BeforeTest SetUp -->
  <testcase classname="com.inetBanking.testCases.BaseClass" name="@AfterTest tearDown" time="0.0">
    <ignored/>
  </testcase> <!-- @AfterTest tearDown -->
</testsuite> <!-- BankingApp Test -->
