<?xml version="1.0" encoding="UTF-8"?>
<!-- Generated by org.testng.reporters.JUnitXMLReporter -->
<testsuite ignored="0" hostname="LAPTOP-8MQ16BIB" failures="3" tests="5" name="Test" time="31.297" errors="0" timestamp="2020-01-10T14:43:39 IST">
  <testcase classname="com.inetBanking.testCases.TC002_LoginDDT_002" name="loginDDT" time="5.646"/>
  <testcase classname="com.inetBanking.testCases.TC002_LoginDDT_002" name="loginDDT" time="2.312">
    <failure type="java.lang.AssertionError" message="did not expect to find [true] but found [false]">
      <![CDATA[java.lang.AssertionError: did not expect to find [true] but found [false]
at com.inetBanking.testCases.TC002_LoginDDT_002.loginDDT(TC002_LoginDDT_002.java:28)
at java.base/java.util.ArrayList.forEach(ArrayList.java:1540)
... Removed 31 stack frames]]>
    </failure>
  </testcase> <!-- loginDDT -->
  <testcase classname="com.inetBanking.testCases.TC002_LoginDDT_002" name="loginDDT" time="4.62"/>
  <testcase classname="com.inetBanking.testCases.TC002_LoginDDT_002" name="loginDDT" time="2.073">
    <failure type="java.lang.AssertionError" message="did not expect to find [true] but found [false]">
      <![CDATA[java.lang.AssertionError: did not expect to find [true] but found [false]
at com.inetBanking.testCases.TC002_LoginDDT_002.loginDDT(TC002_LoginDDT_002.java:28)
at java.base/java.util.ArrayList.forEach(ArrayList.java:1540)
... Removed 31 stack frames]]>
    </failure>
  </testcase> <!-- loginDDT -->
  <testcase classname="com.inetBanking.testCases.TC002_LoginDDT_002" name="loginDDT" time="1.908">
    <failure type="java.lang.AssertionError" message="did not expect to find [true] but found [false]">
      <![CDATA[java.lang.AssertionError: did not expect to find [true] but found [false]
at com.inetBanking.testCases.TC002_LoginDDT_002.loginDDT(TC002_LoginDDT_002.java:28)
at java.base/java.util.ArrayList.forEach(ArrayList.java:1540)
... Removed 31 stack frames]]>
    </failure>
  </testcase> <!-- loginDDT -->
</testsuite> <!-- Test -->
