<?xml version="1.0" encoding="UTF-8"?>
<testng-results ignored="2" total="8" passed="6" failed="0" skipped="0">
  <reporter-output>
  </reporter-output>
  <suite started-at="2020-01-18T14:53:36 IST" name="InetBankingV2" finished-at="2020-01-18T14:54:11 IST" duration-ms="35013">
    <groups>
    </groups>
    <test started-at="2020-01-18T14:53:36 IST" name="BankingApp Test" finished-at="2020-01-18T14:54:11 IST" duration-ms="35013">
      <class name="com.inetBanking.testCases.TC02_LoginDDT_002">
        <test-method signature="loginDDT(java.lang.String, java.lang.String)[pri:0, instance:com.inetBanking.testCases.TC02_LoginDDT_002@55b699ef]" started-at="2020-01-18T14:53:54 IST" name="loginDDT" data-provider="LoginData" finished-at="2020-01-18T14:53:59 IST" duration-ms="4992" status="PASS">
          <params>
            <param index="0">
              <value>
                <![CDATA[mngr237492]]>
              </value>
            </param>
            <param index="1">
              <value>
                <![CDATA[erezavy]]>
              </value>
            </param>
          </params>
          <reporter-output>
          </reporter-output>
        </test-method> <!-- loginDDT -->
        <test-method signature="loginDDT(java.lang.String, java.lang.String)[pri:0, instance:com.inetBanking.testCases.TC02_LoginDDT_002@55b699ef]" started-at="2020-01-18T14:53:59 IST" name="loginDDT" data-provider="LoginData" finished-at="2020-01-18T14:54:01 IST" duration-ms="2474" status="PASS">
          <params>
            <param index="0">
              <value>
                <![CDATA[sfdg]]>
              </value>
            </param>
            <param index="1">
              <value>
                <![CDATA[bdsfb]]>
              </value>
            </param>
          </params>
          <reporter-output>
          </reporter-output>
        </test-method> <!-- loginDDT -->
        <test-method signature="loginDDT(java.lang.String, java.lang.String)[pri:0, instance:com.inetBanking.testCases.TC02_LoginDDT_002@55b699ef]" started-at="2020-01-18T14:54:01 IST" name="loginDDT" data-provider="LoginData" finished-at="2020-01-18T14:54:05 IST" duration-ms="3939" status="PASS">
          <params>
            <param index="0">
              <value>
                <![CDATA[mngr237492]]>
              </value>
            </param>
            <param index="1">
              <value>
                <![CDATA[erezavy]]>
              </value>
            </param>
          </params>
          <reporter-output>
          </reporter-output>
        </test-method> <!-- loginDDT -->
        <test-method signature="loginDDT(java.lang.String, java.lang.String)[pri:0, instance:com.inetBanking.testCases.TC02_LoginDDT_002@55b699ef]" started-at="2020-01-18T14:54:05 IST" name="loginDDT" data-provider="LoginData" finished-at="2020-01-18T14:54:08 IST" duration-ms="2470" status="PASS">
          <params>
            <param index="0">
              <value>
                <![CDATA[fgdsbg]]>
              </value>
            </param>
            <param index="1">
              <value>
                <![CDATA[erw]]>
              </value>
            </param>
          </params>
          <reporter-output>
          </reporter-output>
        </test-method> <!-- loginDDT -->
        <test-method signature="loginDDT(java.lang.String, java.lang.String)[pri:0, instance:com.inetBanking.testCases.TC02_LoginDDT_002@55b699ef]" started-at="2020-01-18T14:54:08 IST" name="loginDDT" data-provider="LoginData" finished-at="2020-01-18T14:54:10 IST" duration-ms="2254" status="PASS">
          <params>
            <param index="0">
              <value>
                <![CDATA[fgdsbg]]>
              </value>
            </param>
            <param index="1">
              <value>
                <![CDATA[erw]]>
              </value>
            </param>
          </params>
          <reporter-output>
          </reporter-output>
        </test-method> <!-- loginDDT -->
      </class> <!-- com.inetBanking.testCases.TC02_LoginDDT_002 -->
      <class name="com.inetBanking.testCases.TC01_LoginTest_001">
        <test-method is-config="true" signature="SetUp(java.lang.String)[pri:0, instance:com.inetBanking.testCases.TC01_LoginTest_001@2a3b5b47]" started-at="2020-01-18T14:53:36 IST" name="SetUp" finished-at="2020-01-18T14:53:50 IST" duration-ms="14255" status="PASS">
          <params>
            <param index="0">
              <value>
                <![CDATA[chrome]]>
              </value>
            </param>
          </params>
          <reporter-output>
          </reporter-output>
        </test-method> <!-- SetUp -->
        <test-method signature="Logintest()[pri:0, instance:com.inetBanking.testCases.TC01_LoginTest_001@2a3b5b47]" started-at="2020-01-18T14:53:50 IST" name="Logintest" finished-at="2020-01-18T14:53:53 IST" duration-ms="3002" status="PASS">
          <reporter-output>
          </reporter-output>
        </test-method> <!-- Logintest -->
        <test-method is-config="true" signature="tearDown()[pri:0, instance:com.inetBanking.testCases.TC01_LoginTest_001@2a3b5b47]" started-at="2020-01-18T14:54:10 IST" name="tearDown" finished-at="2020-01-18T14:54:11 IST" duration-ms="655" status="PASS">
          <reporter-output>
          </reporter-output>
        </test-method> <!-- tearDown -->
      </class> <!-- com.inetBanking.testCases.TC01_LoginTest_001 -->
    </test> <!-- BankingApp Test -->
  </suite> <!-- InetBankingV2 -->
</testng-results>
