<?xml version="1.0" encoding="UTF-8"?>
<testsuite name="TestSuite" time="7.997" tests="6" errors="0" skipped="0" failures="0">
  <properties>
[...]
</properties>
  <testcase name="Logintest" classname="com.inetBanking.testCases.TC01_LoginTest_001" time="3.005"/>
  <testcase name="loginDDT" classname="com.inetBanking.testCases.TC02_LoginDDT_002" time="4.992"/>
  <testcase name="loginDDT" classname="com.inetBanking.testCases.TC02_LoginDDT_002" time="2.474"/>
  <testcase name="loginDDT" classname="com.inetBanking.testCases.TC02_LoginDDT_002" time="3.939"/>
  <testcase name="loginDDT" classname="com.inetBanking.testCases.TC02_LoginDDT_002" time="2.471"/>
  <testcase name="loginDDT" classname="com.inetBanking.testCases.TC02_LoginDDT_002" time="2.254"/>
</testsuite>