<?xml version="1.0" encoding="UTF-8"?>
<!-- Generated by org.testng.reporters.JUnitXMLReporter -->
<testsuite ignored="2" hostname="LAPTOP-8MQ16BIB" failures="0" tests="6" name="BankingApp Test" time="35.013" errors="0" timestamp="2020-01-18T14:54:11 IST">
  <testcase classname="com.inetBanking.testCases.TC01_LoginTest_001" name="Logintest" time="3.002"/>
  <testcase classname="com.inetBanking.testCases.TC02_LoginDDT_002" name="loginDDT" time="4.992"/>
  <testcase classname="com.inetBanking.testCases.TC02_LoginDDT_002" name="loginDDT" time="2.474"/>
  <testcase classname="com.inetBanking.testCases.TC02_LoginDDT_002" name="loginDDT" time="3.939"/>
  <testcase classname="com.inetBanking.testCases.TC02_LoginDDT_002" name="loginDDT" time="2.47"/>
  <testcase classname="com.inetBanking.testCases.TC02_LoginDDT_002" name="loginDDT" time="2.254"/>
  <testcase classname="com.inetBanking.testCases.BaseClass" name="@BeforeTest SetUp" time="0.0">
    <ignored/>
  </testcase> <!-- @BeforeTest SetUp -->
  <testcase classname="com.inetBanking.testCases.BaseClass" name="@AfterTest tearDown" time="0.0">
    <ignored/>
  </testcase> <!-- @AfterTest tearDown -->
</testsuite> <!-- BankingApp Test -->
